<?xml version="1.0" encoding="UTF-8"?>
<!-- Generated by org.testng.reporters.JUnitReportReporter -->
<testsuite skipped="0" hostname="DipanGarg" name="org.cts.pun.sba.tests.VerifyPageTitle" tests="1" failures="0" timestamp="15 Apr 2018 07:33:25 GMT" time="44.812" errors="0">
  <testcase name="bookTicketTest" time="44.812" classname="org.cts.pun.sba.tests.VerifyPageTitle"/>
</testsuite> <!-- org.cts.pun.sba.tests.VerifyPageTitle -->
